<?xml version="1.0" encoding="UTF-8"?>
<testsuite name="protocol.impl.sigma.SigmaTest" tests="1" skipped="0" failures="0" errors="0" timestamp="2016-09-20T20:33:44" hostname="chafio-VirtualBox" time="0.615">
  <properties/>
  <testcase name="test" classname="protocol.impl.sigma.SigmaTest" time="0.615"/>
  <system-out><![CDATA[]]></system-out>
  <system-err><![CDATA[]]></system-err>
</testsuite>
