<?xml version="1.0" encoding="UTF-8"?>
<testsuite name="crypt.impl.ElGamalEncrypterTest" tests="1" skipped="0" failures="0" errors="0" timestamp="2016-09-20T20:33:48" hostname="chafio-VirtualBox" time="0.021">
  <properties/>
  <testcase name="test" classname="crypt.impl.ElGamalEncrypterTest" time="0.021"/>
  <system-out><![CDATA[]]></system-out>
  <system-err><![CDATA[]]></system-err>
</testsuite>
