<?xml version="1.0" encoding="UTF-8"?>
<testsuite name="crypt.impl.ElGamalEncrypterTest" tests="1" skipped="0" failures="0" errors="0" timestamp="2016-12-04T12:24:29" hostname="chafio-VirtualBox" time="0.017">
  <properties/>
  <testcase name="test" classname="crypt.impl.ElGamalEncrypterTest" time="0.017"/>
  <system-out><![CDATA[]]></system-out>
  <system-err><![CDATA[]]></system-err>
</testsuite>
