<?xml version="1.0" encoding="UTF-8"?>
<testsuite name="crypt.impl.SerpentEncrypterTest" tests="1" skipped="0" failures="0" errors="0" timestamp="2016-12-04T12:24:27" hostname="chafio-VirtualBox" time="0.007">
  <properties/>
  <testcase name="test" classname="crypt.impl.SerpentEncrypterTest" time="0.007"/>
  <system-out><![CDATA[]]></system-out>
  <system-err><![CDATA[]]></system-err>
</testsuite>
