<?xml version="1.1" encoding="UTF-8"?>
<testsuite name="crypt.impl.ElGamalSignerTest" tests="1" failures="0" errors="0" timestamp="2016-11-30T12:27:39" hostname="debian" time="0.126">
  <properties/>
  <testcase name="test" classname="crypt.impl.ElGamalSignerTest" time="0.126"/>
  <system-out><![CDATA[]]></system-out>
  <system-err><![CDATA[]]></system-err>
</testsuite>
