<?xml version="1.1" encoding="UTF-8"?>
<testsuite name="crypt.impl.SerpentEncrypterTest" tests="1" failures="0" errors="0" timestamp="2016-11-30T12:27:39" hostname="debian" time="0.01">
  <properties/>
  <testcase name="test" classname="crypt.impl.SerpentEncrypterTest" time="0.01"/>
  <system-out><![CDATA[]]></system-out>
  <system-err><![CDATA[]]></system-err>
</testsuite>
